2016-09-01 22:23:47,493 INFO     king       beging run spider module

2016-09-01 22:23:47,509 INFO     king       begin use mechanize module get response

2016-09-01 22:23:47,805 INFO     king       begin run pipeline function

2016-09-01 22:24:31,358 INFO     king       beging run spider module

2016-09-01 22:24:31,358 INFO     king       begin use mechanize module get response

2016-09-01 22:24:31,592 INFO     king       begin run pipeline function

2016-09-01 22:25:18,440 INFO     king       beging run spider module

2016-09-01 22:25:18,440 INFO     king       begin use mechanize module get response

2016-09-01 22:25:18,753 INFO     king       begin run pipeline function

2016-09-01 22:25:18,753 INFO     king       
						【公告】关于音悦台手机APP升级后的打榜公告 （2016-08-19 18:28:28）


2016-09-01 22:25:18,753 INFO     king       
						为了能够在移动客户端更有效的统计数据,杜绝恶意刷榜的行为。自2016年8月22日(下周一)起,音悦tai用户需要将移动客户端升级到最新版本,其产生的三项数据(移动端播放、移动端下载、移动端分享)才能够有效计入打榜成绩,而旧版客户端的相关数据将不再计入。

更新提醒:IOS用户2.0版本以下须要卸载现有版本重新下载最新版客户端;2.0版本以上可以直接更新不需要重新下载。安卓用户4.0版本以下可以直接更新。更新地址: http://www.yinyuetai.com/apps/mobile
					

2016-09-01 22:25:18,753 INFO     king       
						8月7日 StarTV独家直播B.A.P安可演唱会 StarTV独家直... （2016-08-04 10:36:17）


2016-09-01 22:25:18,753 INFO     king       
						【独家】8月7日 StarTV独家直播B.A.P安可演唱会
StarTV独家直播8月7日B.A.P首尔安可演唱会!不到现场也能一起嗨翻天~ 还有在现场也看不到的台前幕后各种福利视频,台哥给你一网打尽!还不抓紧get起来~详情见:http://feature.yinyuetai.com/bap
					

2016-09-01 22:25:18,753 INFO     king       
						夏日少年，暑期颜值抢新鲜！ （2016-08-01 18:14:03）


2016-09-01 22:25:18,753 INFO     king       
						舞台的中央因你们而发光，青春的成长因你们而闪亮，少年，为你沦陷一生又何妨！谁来买宝宝爱喝的→_→http://feature.yinyuetai.com/xrsn/wap
					

2016-09-01 22:25:18,753 INFO     king       
						【独家】防弹少年团全新旅行真人秀《BTS,旅行吧！》 （2016-07-05 18:12:59）


2016-09-01 22:25:18,753 INFO     king       
						【独家】防弹少年团全新旅行真人秀《BTS,旅行吧！》今晚9点首播！

今晚9点StarTV独家同步播出防弹全新旅行真人秀《BTS,旅行吧！》第一集~不仅有节目看，还会穿插成员们的直播哦！跟防弹一起看团综、一起畅聊旅行趣事吧~详情：http://feature.yinyuetai.com/bts-party 
					

2016-09-01 22:25:18,753 INFO     king       
						【独家】7月3日16:00 StarTV独家同步直播EXO保龄球大... （2016-07-03 14:59:46）


2016-09-01 22:25:18,753 INFO     king       
						7月3日16:00 StarTV独家同步直播EXO保龄球大赛！9名成员的有爱对决，再次激发的保龄热情，究竟谁会获得最终胜利？！ 详情：http://startv.feature.yinyuetai.com/feature/exo.html
					

2016-09-01 22:25:18,753 INFO     king       
						【独家】BTS三周年生日会直播&旅行真人秀节目，StarTV... （2016-06-12 17:12:39）


2016-09-01 22:25:18,753 INFO     king       
						BTS三周年生日会直播&旅行真人秀节目，StarTV独家播出！
由韩国Naver-Vlive专业打造，音悦台-StarTV中国独家同步播出的防弹少年团3周年纪念活动正式开启！生日会现场直播、《BTS,旅行吧!》系列节目&直播。购买套装加赠数字写真影集、中国ARMY独家视频等专属福利！ 和BTS一起“旅行”的机会，中国ARMY们，约嘛？更多福利详情：http://feature.yinyuetai.com/bts-party
					

2016-09-01 22:25:18,753 INFO     king       
						EXO回归Showcase及真人秀直播节目，音悦台startv独家... （2016-06-01 21:35:23）


2016-09-01 22:25:18,753 INFO     king       
						韩国Naver-Vlive专业打造，音悦台-StarTV中国独家同步播出EXO回归Showcase及真人秀直播节目——EXOMENTARY LIVE！中国粉丝独家福利、花絮视频、成员感谢视频等多重福利，参与礼包购买就能获得！更有机会获得【Showcase邀请】哦~你的付出和努力将展现在【中国EXO-L应援图】上！显示中国EXO-L强大力量的时刻到啦！更多福利详情： http://startv.yinyuetai.com/feature/exo.html
					

2016-09-01 22:25:18,753 INFO     king       
						【活动】PC客户端反馈意见有奖征集 （2016-05-25 09:48:57）


2016-09-01 22:25:18,753 INFO     king       
						【台哥有奖征集】为了提供更好的用户上传体验，现在起，只要你用PC客户端上传视频，积分将翻倍（上传每一个有效MV，获得积分都将由 30积分 —> 60积分），反馈上传体验被采纳者更将免费获赠1个月音悦台VIP会员资格（可叠加）；PC客户端就可直接反馈意见喔！下载链接戳：http://www.yinyuetai.com/apps/yinyue_mini
					

2016-09-01 22:25:18,769 INFO     king       
						【福利】电信用户免流量功能上线啦！ （2016-05-06 17:05:46）


2016-09-01 22:25:18,769 INFO     king       
						音悦台的电信小伙伴们！福利来咯！没WIFI也要任性！现可随时随地免流畅享百万高清MV啦，还可尊享免费下载超清MV、随心打榜、会员专属活动等五大特权！详情尽在：音悦台APP升级至最新版->打开APP->左上角标识->流量包月。还等什么，快来围观吧~

					

2016-09-01 22:25:18,769 INFO     king       
						音悦台PC客户端1.0正式版升级公告 （2016-04-21 14:31:11）


2016-09-01 22:25:18,769 INFO     king       
						亲爱的悦友们，音悦台PC客户端1.0正式版升级已完成，最新版本修复了登录过期、更新失败等问题。大家可以到音悦台官网重新下载安装最新版本，下载地址：http://www.yinyuetai.com/apps/yinyue_mini 。
为了保证音悦MINI能更好的服务大家，如在使用中发现问题或提出意见或建议，请及时反馈给我们，客服QQ(服务号)800002945。

					

2016-09-01 22:25:18,769 INFO     king       
						【公告】“沃达人”免费下载超清MV（PC端）服务暂停 （2016-04-18 19:15:54）


2016-09-01 22:25:18,769 INFO     king       
						“沃达人”是为用户在移动端量身定制的增值服务。该项服务在推广阶段，作为福利，音悦台提供了“沃达人”用户在PC客户端，同时享受免费下载超清MV的试用服务。现新版音悦台PC客户端已上线，目前仅支持“音悦台VIP会员”用户下载超清MV，因此该试用服务暂停。特此公告！
					

2016-09-01 22:25:18,769 INFO     king       
						黄子韬the road演唱会套装 （2016-04-13 14:08:02）


2016-09-01 22:25:18,769 INFO     king       
						黄子韬南京演唱会周边套装，限量1299套，4月13日下午5:02火热开启~  韬咪22岁最后一天，携官方周边，一起坐在台下，听他唱歌，为他应援~http://shop.yinyuetai.com/detail/2021
					

2016-09-01 22:25:18,769 INFO     king       
						音悦V榜与百度搜索达成合作 百度热度计入V榜权重 （2016-04-08 16:10:30）


2016-09-01 22:25:18,769 INFO     king       
						音悦V榜与百度搜索达成合作 百度热度计入V榜权重。百度热点专题页 http://hit.baidu.com/vchart?type=ustrends
					

2016-09-01 22:25:18,769 INFO     king       
						【舔】APP的第一届“颜艺帝大赛”正式结束！ （2016-01-05 15:44:30）


2016-09-01 22:25:18,769 INFO     king       
						台哥家【舔】APP的第一届“颜艺帝大赛”正式结束！相机、耳机等大奖究竟花落谁家？光荣的第一届“颜艺帝”又是谁呢？快快来确认赛后结果吧！http://tiaodou.yinyuetai.com/go-main小伙伴们是不是还意犹未尽呢？据说舔爸爸还会再举行第二届大赛哦，大家可要赶紧准备好表情包等待继续参赛咯！
					

2016-09-01 22:25:18,769 INFO     king       
						【公告】音悦Tai账号安全提醒 （2015-05-14 12:27:22）


2016-09-01 22:25:18,769 INFO     king       
						亲爱的悦友们：最近有部分账号因为发布垃圾信息而被系统禁用，部分早期注册用户也包含在内。为保证您的音悦Tai账号安全，我们特别提醒广大用户一定要提前做好账号安全保护措施！账号密码不要过短；不要使用简单的数字排列组合；尽量不定期的修改密码，以确保账号的安全。不要随意将账号密码告于他人，在音悦Tai使用中，遇到任何问题，请及时与客服联系。
					

2016-09-01 22:25:58,454 INFO     king       beging run spider module

2016-09-01 22:25:58,454 INFO     king       begin use mechanize module get response

2016-09-01 22:25:58,799 INFO     king       begin run pipeline function

2016-09-01 22:25:58,799 INFO     king       【公告】关于音悦台手机APP升级后的打榜公告 （2016-08-19 18:28:28）

2016-09-01 22:25:58,799 INFO     king       为了能够在移动客户端更有效的统计数据,杜绝恶意刷榜的行为。自2016年8月22日(下周一)起,音悦tai用户需要将移动客户端升级到最新版本,其产生的三项数据(移动端播放、移动端下载、移动端分享)才能够有效计入打榜成绩,而旧版客户端的相关数据将不再计入。

更新提醒:IOS用户2.0版本以下须要卸载现有版本重新下载最新版客户端;2.0版本以上可以直接更新不需要重新下载。安卓用户4.0版本以下可以直接更新。更新地址: http://www.yinyuetai.com/apps/mobile

2016-09-01 22:25:58,799 INFO     king       8月7日 StarTV独家直播B.A.P安可演唱会 StarTV独家直... （2016-08-04 10:36:17）

2016-09-01 22:25:58,799 INFO     king       【独家】8月7日 StarTV独家直播B.A.P安可演唱会
StarTV独家直播8月7日B.A.P首尔安可演唱会!不到现场也能一起嗨翻天~ 还有在现场也看不到的台前幕后各种福利视频,台哥给你一网打尽!还不抓紧get起来~详情见:http://feature.yinyuetai.com/bap

2016-09-01 22:25:58,799 INFO     king       夏日少年，暑期颜值抢新鲜！ （2016-08-01 18:14:03）

2016-09-01 22:25:58,799 INFO     king       舞台的中央因你们而发光，青春的成长因你们而闪亮，少年，为你沦陷一生又何妨！谁来买宝宝爱喝的→_→http://feature.yinyuetai.com/xrsn/wap

2016-09-01 22:25:58,799 INFO     king       【独家】防弹少年团全新旅行真人秀《BTS,旅行吧！》 （2016-07-05 18:12:59）

2016-09-01 22:25:58,799 INFO     king       【独家】防弹少年团全新旅行真人秀《BTS,旅行吧！》今晚9点首播！

今晚9点StarTV独家同步播出防弹全新旅行真人秀《BTS,旅行吧！》第一集~不仅有节目看，还会穿插成员们的直播哦！跟防弹一起看团综、一起畅聊旅行趣事吧~详情：http://feature.yinyuetai.com/bts-party

2016-09-01 22:25:58,799 INFO     king       【独家】7月3日16:00 StarTV独家同步直播EXO保龄球大... （2016-07-03 14:59:46）

2016-09-01 22:25:58,799 INFO     king       7月3日16:00 StarTV独家同步直播EXO保龄球大赛！9名成员的有爱对决，再次激发的保龄热情，究竟谁会获得最终胜利？！ 详情：http://startv.feature.yinyuetai.com/feature/exo.html

2016-09-01 22:25:58,799 INFO     king       【独家】BTS三周年生日会直播&旅行真人秀节目，StarTV... （2016-06-12 17:12:39）

2016-09-01 22:25:58,799 INFO     king       BTS三周年生日会直播&旅行真人秀节目，StarTV独家播出！
由韩国Naver-Vlive专业打造，音悦台-StarTV中国独家同步播出的防弹少年团3周年纪念活动正式开启！生日会现场直播、《BTS,旅行吧!》系列节目&直播。购买套装加赠数字写真影集、中国ARMY独家视频等专属福利！ 和BTS一起“旅行”的机会，中国ARMY们，约嘛？更多福利详情：http://feature.yinyuetai.com/bts-party

2016-09-01 22:25:58,799 INFO     king       EXO回归Showcase及真人秀直播节目，音悦台startv独家... （2016-06-01 21:35:23）

2016-09-01 22:25:58,799 INFO     king       韩国Naver-Vlive专业打造，音悦台-StarTV中国独家同步播出EXO回归Showcase及真人秀直播节目——EXOMENTARY LIVE！中国粉丝独家福利、花絮视频、成员感谢视频等多重福利，参与礼包购买就能获得！更有机会获得【Showcase邀请】哦~你的付出和努力将展现在【中国EXO-L应援图】上！显示中国EXO-L强大力量的时刻到啦！更多福利详情： http://startv.yinyuetai.com/feature/exo.html

2016-09-01 22:25:58,799 INFO     king       【活动】PC客户端反馈意见有奖征集 （2016-05-25 09:48:57）

2016-09-01 22:25:58,799 INFO     king       【台哥有奖征集】为了提供更好的用户上传体验，现在起，只要你用PC客户端上传视频，积分将翻倍（上传每一个有效MV，获得积分都将由 30积分 —> 60积分），反馈上传体验被采纳者更将免费获赠1个月音悦台VIP会员资格（可叠加）；PC客户端就可直接反馈意见喔！下载链接戳：http://www.yinyuetai.com/apps/yinyue_mini

2016-09-01 22:25:58,799 INFO     king       【福利】电信用户免流量功能上线啦！ （2016-05-06 17:05:46）

2016-09-01 22:25:58,799 INFO     king       音悦台的电信小伙伴们！福利来咯！没WIFI也要任性！现可随时随地免流畅享百万高清MV啦，还可尊享免费下载超清MV、随心打榜、会员专属活动等五大特权！详情尽在：音悦台APP升级至最新版->打开APP->左上角标识->流量包月。还等什么，快来围观吧~

2016-09-01 22:25:58,799 INFO     king       音悦台PC客户端1.0正式版升级公告 （2016-04-21 14:31:11）

2016-09-01 22:25:58,799 INFO     king       亲爱的悦友们，音悦台PC客户端1.0正式版升级已完成，最新版本修复了登录过期、更新失败等问题。大家可以到音悦台官网重新下载安装最新版本，下载地址：http://www.yinyuetai.com/apps/yinyue_mini 。
为了保证音悦MINI能更好的服务大家，如在使用中发现问题或提出意见或建议，请及时反馈给我们，客服QQ(服务号)800002945。

2016-09-01 22:25:58,799 INFO     king       【公告】“沃达人”免费下载超清MV（PC端）服务暂停 （2016-04-18 19:15:54）

2016-09-01 22:25:58,799 INFO     king       “沃达人”是为用户在移动端量身定制的增值服务。该项服务在推广阶段，作为福利，音悦台提供了“沃达人”用户在PC客户端，同时享受免费下载超清MV的试用服务。现新版音悦台PC客户端已上线，目前仅支持“音悦台VIP会员”用户下载超清MV，因此该试用服务暂停。特此公告！

2016-09-01 22:25:58,799 INFO     king       黄子韬the road演唱会套装 （2016-04-13 14:08:02）

2016-09-01 22:25:58,799 INFO     king       黄子韬南京演唱会周边套装，限量1299套，4月13日下午5:02火热开启~  韬咪22岁最后一天，携官方周边，一起坐在台下，听他唱歌，为他应援~http://shop.yinyuetai.com/detail/2021

2016-09-01 22:25:58,799 INFO     king       音悦V榜与百度搜索达成合作 百度热度计入V榜权重 （2016-04-08 16:10:30）

2016-09-01 22:25:58,799 INFO     king       音悦V榜与百度搜索达成合作 百度热度计入V榜权重。百度热点专题页 http://hit.baidu.com/vchart?type=ustrends

2016-09-01 22:25:58,799 INFO     king       【舔】APP的第一届“颜艺帝大赛”正式结束！ （2016-01-05 15:44:30）

2016-09-01 22:25:58,799 INFO     king       台哥家【舔】APP的第一届“颜艺帝大赛”正式结束！相机、耳机等大奖究竟花落谁家？光荣的第一届“颜艺帝”又是谁呢？快快来确认赛后结果吧！http://tiaodou.yinyuetai.com/go-main小伙伴们是不是还意犹未尽呢？据说舔爸爸还会再举行第二届大赛哦，大家可要赶紧准备好表情包等待继续参赛咯！

2016-09-01 22:25:58,799 INFO     king       【公告】音悦Tai账号安全提醒 （2015-05-14 12:27:22）

2016-09-01 22:25:58,799 INFO     king       亲爱的悦友们：最近有部分账号因为发布垃圾信息而被系统禁用，部分早期注册用户也包含在内。为保证您的音悦Tai账号安全，我们特别提醒广大用户一定要提前做好账号安全保护措施！账号密码不要过短；不要使用简单的数字排列组合；尽量不定期的修改密码，以确保账号的安全。不要随意将账号密码告于他人，在音悦Tai使用中，遇到任何问题，请及时与客服联系。

2016-09-01 22:28:03,226 INFO     king       beging run spider module

2016-09-01 22:28:03,226 INFO     king       begin use mechanize module get response

2016-09-01 22:28:03,522 INFO     king       begin run pipeline function

2016-09-01 22:28:03,522 INFO     king       【公告】关于音悦台手机APP升级后的打榜公告 （2016-08-19 18:28:28）

2016-09-01 22:28:03,522 INFO     king       为了能够在移动客户端更有效的统计数据,杜绝恶意刷榜的行为。自2016年8月22日(下周一)起,音悦tai用户需要将移动客户端升级到最新版本,其产生的三项数据(移动端播放、移动端下载、移动端分享)才能够有效计入打榜成绩,而旧版客户端的相关数据将不再计入。

更新提醒:IOS用户2.0版本以下须要卸载现有版本重新下载最新版客户端;2.0版本以上可以直接更新不需要重新下载。安卓用户4.0版本以下可以直接更新。更新地址: http://www.yinyuetai.com/apps/mobile

2016-09-01 22:28:03,522 INFO     king       8月7日 StarTV独家直播B.A.P安可演唱会 StarTV独家直... （2016-08-04 10:36:17）

2016-09-01 22:28:03,522 INFO     king       【独家】8月7日 StarTV独家直播B.A.P安可演唱会
StarTV独家直播8月7日B.A.P首尔安可演唱会!不到现场也能一起嗨翻天~ 还有在现场也看不到的台前幕后各种福利视频,台哥给你一网打尽!还不抓紧get起来~详情见:http://feature.yinyuetai.com/bap

2016-09-01 22:28:03,522 INFO     king       夏日少年，暑期颜值抢新鲜！ （2016-08-01 18:14:03）

2016-09-01 22:28:03,522 INFO     king       舞台的中央因你们而发光，青春的成长因你们而闪亮，少年，为你沦陷一生又何妨！谁来买宝宝爱喝的→_→http://feature.yinyuetai.com/xrsn/wap

2016-09-01 22:28:03,522 INFO     king       【独家】防弹少年团全新旅行真人秀《BTS,旅行吧！》 （2016-07-05 18:12:59）

2016-09-01 22:28:03,522 INFO     king       【独家】防弹少年团全新旅行真人秀《BTS,旅行吧！》今晚9点首播！

今晚9点StarTV独家同步播出防弹全新旅行真人秀《BTS,旅行吧！》第一集~不仅有节目看，还会穿插成员们的直播哦！跟防弹一起看团综、一起畅聊旅行趣事吧~详情：http://feature.yinyuetai.com/bts-party

2016-09-01 22:28:03,522 INFO     king       【独家】7月3日16:00 StarTV独家同步直播EXO保龄球大... （2016-07-03 14:59:46）

2016-09-01 22:28:03,522 INFO     king       7月3日16:00 StarTV独家同步直播EXO保龄球大赛！9名成员的有爱对决，再次激发的保龄热情，究竟谁会获得最终胜利？！ 详情：http://startv.feature.yinyuetai.com/feature/exo.html

2016-09-01 22:28:03,522 INFO     king       【独家】BTS三周年生日会直播&旅行真人秀节目，StarTV... （2016-06-12 17:12:39）

2016-09-01 22:28:03,522 INFO     king       BTS三周年生日会直播&旅行真人秀节目，StarTV独家播出！
由韩国Naver-Vlive专业打造，音悦台-StarTV中国独家同步播出的防弹少年团3周年纪念活动正式开启！生日会现场直播、《BTS,旅行吧!》系列节目&直播。购买套装加赠数字写真影集、中国ARMY独家视频等专属福利！ 和BTS一起“旅行”的机会，中国ARMY们，约嘛？更多福利详情：http://feature.yinyuetai.com/bts-party

2016-09-01 22:28:03,522 INFO     king       EXO回归Showcase及真人秀直播节目，音悦台startv独家... （2016-06-01 21:35:23）

2016-09-01 22:28:03,522 INFO     king       韩国Naver-Vlive专业打造，音悦台-StarTV中国独家同步播出EXO回归Showcase及真人秀直播节目——EXOMENTARY LIVE！中国粉丝独家福利、花絮视频、成员感谢视频等多重福利，参与礼包购买就能获得！更有机会获得【Showcase邀请】哦~你的付出和努力将展现在【中国EXO-L应援图】上！显示中国EXO-L强大力量的时刻到啦！更多福利详情： http://startv.yinyuetai.com/feature/exo.html

2016-09-01 22:28:03,522 INFO     king       【活动】PC客户端反馈意见有奖征集 （2016-05-25 09:48:57）

2016-09-01 22:28:03,522 INFO     king       【台哥有奖征集】为了提供更好的用户上传体验，现在起，只要你用PC客户端上传视频，积分将翻倍（上传每一个有效MV，获得积分都将由 30积分 —> 60积分），反馈上传体验被采纳者更将免费获赠1个月音悦台VIP会员资格（可叠加）；PC客户端就可直接反馈意见喔！下载链接戳：http://www.yinyuetai.com/apps/yinyue_mini

2016-09-01 22:28:03,522 INFO     king       【福利】电信用户免流量功能上线啦！ （2016-05-06 17:05:46）

2016-09-01 22:28:03,522 INFO     king       音悦台的电信小伙伴们！福利来咯！没WIFI也要任性！现可随时随地免流畅享百万高清MV啦，还可尊享免费下载超清MV、随心打榜、会员专属活动等五大特权！详情尽在：音悦台APP升级至最新版->打开APP->左上角标识->流量包月。还等什么，快来围观吧~

2016-09-01 22:28:03,522 INFO     king       音悦台PC客户端1.0正式版升级公告 （2016-04-21 14:31:11）

2016-09-01 22:28:03,522 INFO     king       亲爱的悦友们，音悦台PC客户端1.0正式版升级已完成，最新版本修复了登录过期、更新失败等问题。大家可以到音悦台官网重新下载安装最新版本，下载地址：http://www.yinyuetai.com/apps/yinyue_mini 。
为了保证音悦MINI能更好的服务大家，如在使用中发现问题或提出意见或建议，请及时反馈给我们，客服QQ(服务号)800002945。

2016-09-01 22:28:03,522 INFO     king       【公告】“沃达人”免费下载超清MV（PC端）服务暂停 （2016-04-18 19:15:54）

2016-09-01 22:28:03,522 INFO     king       “沃达人”是为用户在移动端量身定制的增值服务。该项服务在推广阶段，作为福利，音悦台提供了“沃达人”用户在PC客户端，同时享受免费下载超清MV的试用服务。现新版音悦台PC客户端已上线，目前仅支持“音悦台VIP会员”用户下载超清MV，因此该试用服务暂停。特此公告！

2016-09-01 22:28:03,522 INFO     king       黄子韬the road演唱会套装 （2016-04-13 14:08:02）

2016-09-01 22:28:03,522 INFO     king       黄子韬南京演唱会周边套装，限量1299套，4月13日下午5:02火热开启~  韬咪22岁最后一天，携官方周边，一起坐在台下，听他唱歌，为他应援~http://shop.yinyuetai.com/detail/2021

2016-09-01 22:28:03,522 INFO     king       音悦V榜与百度搜索达成合作 百度热度计入V榜权重 （2016-04-08 16:10:30）

2016-09-01 22:28:03,522 INFO     king       音悦V榜与百度搜索达成合作 百度热度计入V榜权重。百度热点专题页 http://hit.baidu.com/vchart?type=ustrends

2016-09-01 22:28:03,522 INFO     king       【舔】APP的第一届“颜艺帝大赛”正式结束！ （2016-01-05 15:44:30）

2016-09-01 22:28:03,522 INFO     king       台哥家【舔】APP的第一届“颜艺帝大赛”正式结束！相机、耳机等大奖究竟花落谁家？光荣的第一届“颜艺帝”又是谁呢？快快来确认赛后结果吧！http://tiaodou.yinyuetai.com/go-main小伙伴们是不是还意犹未尽呢？据说舔爸爸还会再举行第二届大赛哦，大家可要赶紧准备好表情包等待继续参赛咯！

2016-09-01 22:28:03,522 INFO     king       【公告】音悦Tai账号安全提醒 （2015-05-14 12:27:22）

2016-09-01 22:28:03,522 INFO     king       亲爱的悦友们：最近有部分账号因为发布垃圾信息而被系统禁用，部分早期注册用户也包含在内。为保证您的音悦Tai账号安全，我们特别提醒广大用户一定要提前做好账号安全保护措施！账号密码不要过短；不要使用简单的数字排列组合；尽量不定期的修改密码，以确保账号的安全。不要随意将账号密码告于他人，在音悦Tai使用中，遇到任何问题，请及时与客服联系。

2016-09-01 22:28:32,051 INFO     king       beging run spider module

2016-09-01 22:28:32,051 INFO     king       begin use mechanize module get response

2016-09-01 22:28:32,362 INFO     king       begin run pipeline function

2016-09-01 22:28:32,362 INFO     king       【公告】关于音悦台手机APP升级后的打榜公告 （2016-08-19 18:28:28）

2016-09-01 22:28:32,362 INFO     king       为了能够在移动客户端更有效的统计数据,杜绝恶意刷榜的行为。自2016年8月22日(下周一)起,音悦tai用户需要将移动客户端升级到最新版本,其产生的三项数据(移动端播放、移动端下载、移动端分享)才能够有效计入打榜成绩,而旧版客户端的相关数据将不再计入。

更新提醒:IOS用户2.0版本以下须要卸载现有版本重新下载最新版客户端;2.0版本以上可以直接更新不需要重新下载。安卓用户4.0版本以下可以直接更新。更新地址: http://www.yinyuetai.com/apps/mobile

2016-09-01 22:28:32,362 INFO     king       8月7日 StarTV独家直播B.A.P安可演唱会 StarTV独家直... （2016-08-04 10:36:17）

2016-09-01 22:28:32,362 INFO     king       【独家】8月7日 StarTV独家直播B.A.P安可演唱会
StarTV独家直播8月7日B.A.P首尔安可演唱会!不到现场也能一起嗨翻天~ 还有在现场也看不到的台前幕后各种福利视频,台哥给你一网打尽!还不抓紧get起来~详情见:http://feature.yinyuetai.com/bap

2016-09-01 22:28:32,362 INFO     king       夏日少年，暑期颜值抢新鲜！ （2016-08-01 18:14:03）

2016-09-01 22:28:32,362 INFO     king       舞台的中央因你们而发光，青春的成长因你们而闪亮，少年，为你沦陷一生又何妨！谁来买宝宝爱喝的→_→http://feature.yinyuetai.com/xrsn/wap

2016-09-01 22:28:32,362 INFO     king       【独家】防弹少年团全新旅行真人秀《BTS,旅行吧！》 （2016-07-05 18:12:59）

2016-09-01 22:28:32,362 INFO     king       【独家】防弹少年团全新旅行真人秀《BTS,旅行吧！》今晚9点首播！

今晚9点StarTV独家同步播出防弹全新旅行真人秀《BTS,旅行吧！》第一集~不仅有节目看，还会穿插成员们的直播哦！跟防弹一起看团综、一起畅聊旅行趣事吧~详情：http://feature.yinyuetai.com/bts-party

2016-09-01 22:28:32,362 INFO     king       【独家】7月3日16:00 StarTV独家同步直播EXO保龄球大... （2016-07-03 14:59:46）

2016-09-01 22:28:32,362 INFO     king       7月3日16:00 StarTV独家同步直播EXO保龄球大赛！9名成员的有爱对决，再次激发的保龄热情，究竟谁会获得最终胜利？！ 详情：http://startv.feature.yinyuetai.com/feature/exo.html

2016-09-01 22:28:32,362 INFO     king       【独家】BTS三周年生日会直播&旅行真人秀节目，StarTV... （2016-06-12 17:12:39）

2016-09-01 22:28:32,362 INFO     king       BTS三周年生日会直播&旅行真人秀节目，StarTV独家播出！
由韩国Naver-Vlive专业打造，音悦台-StarTV中国独家同步播出的防弹少年团3周年纪念活动正式开启！生日会现场直播、《BTS,旅行吧!》系列节目&直播。购买套装加赠数字写真影集、中国ARMY独家视频等专属福利！ 和BTS一起“旅行”的机会，中国ARMY们，约嘛？更多福利详情：http://feature.yinyuetai.com/bts-party

2016-09-01 22:28:32,362 INFO     king       EXO回归Showcase及真人秀直播节目，音悦台startv独家... （2016-06-01 21:35:23）

2016-09-01 22:28:32,362 INFO     king       韩国Naver-Vlive专业打造，音悦台-StarTV中国独家同步播出EXO回归Showcase及真人秀直播节目——EXOMENTARY LIVE！中国粉丝独家福利、花絮视频、成员感谢视频等多重福利，参与礼包购买就能获得！更有机会获得【Showcase邀请】哦~你的付出和努力将展现在【中国EXO-L应援图】上！显示中国EXO-L强大力量的时刻到啦！更多福利详情： http://startv.yinyuetai.com/feature/exo.html

2016-09-01 22:28:32,362 INFO     king       【活动】PC客户端反馈意见有奖征集 （2016-05-25 09:48:57）

2016-09-01 22:28:32,362 INFO     king       【台哥有奖征集】为了提供更好的用户上传体验，现在起，只要你用PC客户端上传视频，积分将翻倍（上传每一个有效MV，获得积分都将由 30积分 —> 60积分），反馈上传体验被采纳者更将免费获赠1个月音悦台VIP会员资格（可叠加）；PC客户端就可直接反馈意见喔！下载链接戳：http://www.yinyuetai.com/apps/yinyue_mini

2016-09-01 22:28:32,362 INFO     king       【福利】电信用户免流量功能上线啦！ （2016-05-06 17:05:46）

2016-09-01 22:28:32,362 INFO     king       音悦台的电信小伙伴们！福利来咯！没WIFI也要任性！现可随时随地免流畅享百万高清MV啦，还可尊享免费下载超清MV、随心打榜、会员专属活动等五大特权！详情尽在：音悦台APP升级至最新版->打开APP->左上角标识->流量包月。还等什么，快来围观吧~

2016-09-01 22:28:32,362 INFO     king       音悦台PC客户端1.0正式版升级公告 （2016-04-21 14:31:11）

2016-09-01 22:28:32,362 INFO     king       亲爱的悦友们，音悦台PC客户端1.0正式版升级已完成，最新版本修复了登录过期、更新失败等问题。大家可以到音悦台官网重新下载安装最新版本，下载地址：http://www.yinyuetai.com/apps/yinyue_mini 。
为了保证音悦MINI能更好的服务大家，如在使用中发现问题或提出意见或建议，请及时反馈给我们，客服QQ(服务号)800002945。

2016-09-01 22:28:32,362 INFO     king       【公告】“沃达人”免费下载超清MV（PC端）服务暂停 （2016-04-18 19:15:54）

2016-09-01 22:28:32,362 INFO     king       “沃达人”是为用户在移动端量身定制的增值服务。该项服务在推广阶段，作为福利，音悦台提供了“沃达人”用户在PC客户端，同时享受免费下载超清MV的试用服务。现新版音悦台PC客户端已上线，目前仅支持“音悦台VIP会员”用户下载超清MV，因此该试用服务暂停。特此公告！

2016-09-01 22:28:32,362 INFO     king       黄子韬the road演唱会套装 （2016-04-13 14:08:02）

2016-09-01 22:28:32,362 INFO     king       黄子韬南京演唱会周边套装，限量1299套，4月13日下午5:02火热开启~  韬咪22岁最后一天，携官方周边，一起坐在台下，听他唱歌，为他应援~http://shop.yinyuetai.com/detail/2021

2016-09-01 22:28:32,362 INFO     king       音悦V榜与百度搜索达成合作 百度热度计入V榜权重 （2016-04-08 16:10:30）

2016-09-01 22:28:32,362 INFO     king       音悦V榜与百度搜索达成合作 百度热度计入V榜权重。百度热点专题页 http://hit.baidu.com/vchart?type=ustrends

2016-09-01 22:28:32,362 INFO     king       【舔】APP的第一届“颜艺帝大赛”正式结束！ （2016-01-05 15:44:30）

2016-09-01 22:28:32,362 INFO     king       台哥家【舔】APP的第一届“颜艺帝大赛”正式结束！相机、耳机等大奖究竟花落谁家？光荣的第一届“颜艺帝”又是谁呢？快快来确认赛后结果吧！http://tiaodou.yinyuetai.com/go-main小伙伴们是不是还意犹未尽呢？据说舔爸爸还会再举行第二届大赛哦，大家可要赶紧准备好表情包等待继续参赛咯！

2016-09-01 22:28:32,362 INFO     king       【公告】音悦Tai账号安全提醒 （2015-05-14 12:27:22）

2016-09-01 22:28:32,362 INFO     king       亲爱的悦友们：最近有部分账号因为发布垃圾信息而被系统禁用，部分早期注册用户也包含在内。为保证您的音悦Tai账号安全，我们特别提醒广大用户一定要提前做好账号安全保护措施！账号密码不要过短；不要使用简单的数字排列组合；尽量不定期的修改密码，以确保账号的安全。不要随意将账号密码告于他人，在音悦Tai使用中，遇到任何问题，请及时与客服联系。

